<?xml version="1.0" encoding="UTF-8"?>
<testng-results skipped="0" failed="0" total="1" passed="1">
  <reporter-output>
    <line>
      <![CDATA[Test Suite Initialized with the following properties]]>
    </line>
    <line>
      <![CDATA[****************************************************]]>
    </line>
    <line>
      <![CDATA[* testEnvironment -> production]]>
    </line>
    <line>
      <![CDATA[****************************************************]]>
    </line>
    <line>
      <![CDATA[Loading Test Configuration from: WeatherApiTest....]]>
    </line>
  </reporter-output>
  <suite name="Default suite" duration-ms="1504" started-at="2019-03-16T19:39:26Z" finished-at="2019-03-16T19:39:28Z">
    <groups>
    </groups>
    <test name="Default test" duration-ms="1504" started-at="2019-03-16T19:39:26Z" finished-at="2019-03-16T19:39:28Z">
      <class name="org.api.weather.test.apis.WeatherApiTest">
        <test-method status="PASS" signature="initializeSuite()[pri:0, instance:org.api.weather.test.apis.WeatherApiTest@6fadae5d]" name="initializeSuite" is-config="true" duration-ms="21" started-at="2019-03-17T01:09:26Z" finished-at="2019-03-17T01:09:26Z">
          <reporter-output>
            <line>
              <![CDATA[Test Suite Initialized with the following properties]]>
            </line>
            <line>
              <![CDATA[****************************************************]]>
            </line>
            <line>
              <![CDATA[* testEnvironment -> production]]>
            </line>
            <line>
              <![CDATA[****************************************************]]>
            </line>
          </reporter-output>
        </test-method> <!-- initializeSuite -->
        <test-method status="PASS" signature="beforeClass()[pri:0, instance:org.api.weather.test.apis.WeatherApiTest@6fadae5d]" name="beforeClass" is-config="true" duration-ms="4" started-at="2019-03-17T01:09:26Z" finished-at="2019-03-17T01:09:26Z">
          <reporter-output>
            <line>
              <![CDATA[Loading Test Configuration from: WeatherApiTest....]]>
            </line>
          </reporter-output>
        </test-method> <!-- beforeClass -->
        <test-method status="PASS" signature="getData()[pri:0, instance:org.api.weather.test.apis.WeatherApiTest@6fadae5d]" name="getData" is-config="true" duration-ms="0" started-at="2019-03-17T01:09:26Z" finished-at="2019-03-17T01:09:26Z">
          <reporter-output>
          </reporter-output>
        </test-method> <!-- getData -->
        <test-method status="PASS" signature="init(java.lang.reflect.Method)[pri:0, instance:org.api.weather.test.apis.WeatherApiTest@6fadae5d]" name="init" is-config="true" duration-ms="449" started-at="2019-03-17T01:09:26Z" finished-at="2019-03-17T01:09:27Z">
          <params>
            <param index="0">
              <value>
                <![CDATA[public void org.api.weather.test.apis.WeatherApiTest.verifyLocationName() throws java.lang.Throwable]]>
              </value>
            </param>
          </params>
          <reporter-output>
          </reporter-output>
        </test-method> <!-- init -->
        <test-method status="PASS" signature="verifyLocationName()[pri:0, instance:org.api.weather.test.apis.WeatherApiTest@6fadae5d]" name="verifyLocationName" duration-ms="1021" started-at="2019-03-17T01:09:27Z" finished-at="2019-03-17T01:09:28Z">
          <reporter-output>
          </reporter-output>
        </test-method> <!-- verifyLocationName -->
      </class> <!-- org.api.weather.test.apis.WeatherApiTest -->
    </test> <!-- Default test -->
  </suite> <!-- Default suite -->
</testng-results>
